<?xml version="1.0" encoding="UTF-8"?>
<!-- Generated by org.testng.reporters.JUnitReportReporter -->
<testsuite hostname="ITEM-S82523" failures="0" tests="1" name="testCases.PurchaseTest" time="18.310" errors="0" timestamp="1 Jun 2022 10:27:52 GMT">
  <testcase classname="testCases.PurchaseTest" name="purchaseMethod" time="18.310"/>
</testsuite> <!-- testCases.PurchaseTest -->
